{"C:\\Users\\Usuario01\\Desktop\\Experimentos\\exp4\\src\\App.jsx": {"path":"C:\\Users\\Usuario01\\Desktop\\Experimentos\\exp4\\src\\App.jsx","statementMap":{"0":{"start":{"line":11,"column":12},"end":{"line":148,"column":1}},"1":{"start":{"line":12,"column":28},"end":{"line":12,"column":40}},"2":{"start":{"line":13,"column":32},"end":{"line":13,"column":46}},"3":{"start":{"line":14,"column":42},"end":{"line":14,"column":56}},"4":{"start":{"line":15,"column":34},"end":{"line":15,"column":46}},"5":{"start":{"line":16,"column":34},"end":{"line":16,"column":46}},"6":{"start":{"line":17,"column":26},"end":{"line":17,"column":40}},"7":{"start":{"line":18,"column":42},"end":{"line":18,"column":57}},"8":{"start":{"line":19,"column":22},"end":{"line":19,"column":30}},"9":{"start":{"line":21,"column":2},"end":{"line":28,"column":8}},"10":{"start":{"line":22,"column":27},"end":{"line":22,"column":75}},"11":{"start":{"line":23,"column":4},"end":{"line":27,"column":5}},"12":{"start":{"line":24,"column":19},"end":{"line":24,"column":45}},"13":{"start":{"line":25,"column":6},"end":{"line":25,"column":19}},"14":{"start":{"line":26,"column":6},"end":{"line":26,"column":38}},"15":{"start":{"line":30,"column":2},"end":{"line":36,"column":8}},"16":{"start":{"line":31,"column":4},"end":{"line":35,"column":8}},"17":{"start":{"line":34,"column":8},"end":{"line":34,"column":30}},"18":{"start":{"line":38,"column":29},"end":{"line":55,"column":3}},"19":{"start":{"line":39,"column":17},"end":{"line":39,"column":45}},"20":{"start":{"line":39,"column":33},"end":{"line":39,"column":44}},"21":{"start":{"line":40,"column":24},"end":{"line":40,"column":63}},"22":{"start":{"line":42,"column":4},"end":{"line":54,"column":8}},"23":{"start":{"line":45,"column":8},"end":{"line":45,"column":73}},"24":{"start":{"line":45,"column":35},"end":{"line":45,"column":71}},"25":{"start":{"line":48,"column":8},"end":{"line":50,"column":9}},"26":{"start":{"line":51,"column":8},"end":{"line":53,"column":16}},"27":{"start":{"line":52,"column":10},"end":{"line":52,"column":31}},"28":{"start":{"line":57,"column":22},"end":{"line":77,"column":3}},"29":{"start":{"line":58,"column":4},"end":{"line":58,"column":26}},"30":{"start":{"line":60,"column":4},"end":{"line":76,"column":5}},"31":{"start":{"line":61,"column":19},"end":{"line":63,"column":8}},"32":{"start":{"line":64,"column":6},"end":{"line":66,"column":7}},"33":{"start":{"line":67,"column":6},"end":{"line":67,"column":38}},"34":{"start":{"line":68,"column":6},"end":{"line":68,"column":19}},"35":{"start":{"line":69,"column":6},"end":{"line":69,"column":21}},"36":{"start":{"line":70,"column":6},"end":{"line":70,"column":21}},"37":{"start":{"line":72,"column":6},"end":{"line":72,"column":42}},"38":{"start":{"line":73,"column":6},"end":{"line":75,"column":14}},"39":{"start":{"line":74,"column":8},"end":{"line":74,"column":29}},"40":{"start":{"line":79,"column":18},"end":{"line":86,"column":3}},"41":{"start":{"line":80,"column":4},"end":{"line":80,"column":42}},"42":{"start":{"line":81,"column":4},"end":{"line":85,"column":8}},"43":{"start":{"line":84,"column":8},"end":{"line":84,"column":44}},"44":{"start":{"line":88,"column":22},"end":{"line":90,"column":42}},"45":{"start":{"line":90,"column":27},"end":{"line":90,"column":41}},"46":{"start":{"line":92,"column":20},"end":{"line":113,"column":3}},"47":{"start":{"line":93,"column":28},"end":{"line":93,"column":67}},"48":{"start":{"line":94,"column":28},"end":{"line":94,"column":67}},"49":{"start":{"line":96,"column":4},"end":{"line":112,"column":5}},"50":{"start":{"line":99,"column":33},"end":{"line":99,"column":54}},"51":{"start":{"line":105,"column":50},"end":{"line":105,"column":75}},"52":{"start":{"line":106,"column":50},"end":{"line":106,"column":75}},"53":{"start":{"line":109,"column":33},"end":{"line":109,"column":55}},"54":{"start":{"line":115,"column":2},"end":{"line":147,"column":3}},"55":{"start":{"line":132,"column":31},"end":{"line":132,"column":51}},"56":{"start":{"line":138,"column":10},"end":{"line":142,"column":12}},"57":{"start":{"line":141,"column":36},"end":{"line":141,"column":63}}},"fnMap":{"0":{"name":"(anonymous_0)","decl":{"start":{"line":11,"column":12},"end":{"line":11,"column":13}},"loc":{"start":{"line":11,"column":18},"end":{"line":148,"column":1}},"line":11},"1":{"name":"(anonymous_1)","decl":{"start":{"line":21,"column":12},"end":{"line":21,"column":13}},"loc":{"start":{"line":21,"column":18},"end":{"line":28,"column":3}},"line":21},"2":{"name":"(anonymous_2)","decl":{"start":{"line":30,"column":12},"end":{"line":30,"column":13}},"loc":{"start":{"line":30,"column":18},"end":{"line":36,"column":3}},"line":30},"3":{"name":"(anonymous_3)","decl":{"start":{"line":33,"column":12},"end":{"line":33,"column":13}},"loc":{"start":{"line":33,"column":28},"end":{"line":35,"column":7}},"line":33},"4":{"name":"(anonymous_4)","decl":{"start":{"line":38,"column":29},"end":{"line":38,"column":30}},"loc":{"start":{"line":38,"column":35},"end":{"line":55,"column":3}},"line":38},"5":{"name":"(anonymous_5)","decl":{"start":{"line":39,"column":28},"end":{"line":39,"column":29}},"loc":{"start":{"line":39,"column":33},"end":{"line":39,"column":44}},"line":39},"6":{"name":"(anonymous_6)","decl":{"start":{"line":44,"column":14},"end":{"line":44,"column":15}},"loc":{"start":{"line":44,"column":30},"end":{"line":46,"column":7}},"line":44},"7":{"name":"(anonymous_7)","decl":{"start":{"line":45,"column":27},"end":{"line":45,"column":28}},"loc":{"start":{"line":45,"column":35},"end":{"line":45,"column":71}},"line":45},"8":{"name":"(anonymous_8)","decl":{"start":{"line":47,"column":13},"end":{"line":47,"column":14}},"loc":{"start":{"line":47,"column":22},"end":{"line":54,"column":7}},"line":47},"9":{"name":"(anonymous_9)","decl":{"start":{"line":51,"column":19},"end":{"line":51,"column":20}},"loc":{"start":{"line":51,"column":25},"end":{"line":53,"column":9}},"line":51},"10":{"name":"(anonymous_10)","decl":{"start":{"line":57,"column":22},"end":{"line":57,"column":23}},"loc":{"start":{"line":57,"column":39},"end":{"line":77,"column":3}},"line":57},"11":{"name":"(anonymous_11)","decl":{"start":{"line":73,"column":17},"end":{"line":73,"column":18}},"loc":{"start":{"line":73,"column":23},"end":{"line":75,"column":7}},"line":73},"12":{"name":"(anonymous_12)","decl":{"start":{"line":79,"column":18},"end":{"line":79,"column":19}},"loc":{"start":{"line":79,"column":34},"end":{"line":86,"column":3}},"line":79},"13":{"name":"(anonymous_13)","decl":{"start":{"line":83,"column":12},"end":{"line":83,"column":13}},"loc":{"start":{"line":83,"column":28},"end":{"line":85,"column":7}},"line":83},"14":{"name":"(anonymous_14)","decl":{"start":{"line":90,"column":19},"end":{"line":90,"column":20}},"loc":{"start":{"line":90,"column":27},"end":{"line":90,"column":41}},"line":90},"15":{"name":"(anonymous_15)","decl":{"start":{"line":92,"column":20},"end":{"line":92,"column":21}},"loc":{"start":{"line":92,"column":26},"end":{"line":113,"column":3}},"line":92},"16":{"name":"(anonymous_16)","decl":{"start":{"line":99,"column":27},"end":{"line":99,"column":28}},"loc":{"start":{"line":99,"column":33},"end":{"line":99,"column":54}},"line":99},"17":{"name":"(anonymous_17)","decl":{"start":{"line":105,"column":34},"end":{"line":105,"column":35}},"loc":{"start":{"line":105,"column":50},"end":{"line":105,"column":75}},"line":105},"18":{"name":"(anonymous_18)","decl":{"start":{"line":106,"column":34},"end":{"line":106,"column":35}},"loc":{"start":{"line":106,"column":50},"end":{"line":106,"column":75}},"line":106},"19":{"name":"(anonymous_19)","decl":{"start":{"line":109,"column":27},"end":{"line":109,"column":28}},"loc":{"start":{"line":109,"column":33},"end":{"line":109,"column":55}},"line":109},"20":{"name":"(anonymous_20)","decl":{"start":{"line":132,"column":25},"end":{"line":132,"column":26}},"loc":{"start":{"line":132,"column":31},"end":{"line":132,"column":51}},"line":132},"21":{"name":"(anonymous_21)","decl":{"start":{"line":137,"column":25},"end":{"line":137,"column":26}},"loc":{"start":{"line":138,"column":10},"end":{"line":142,"column":12}},"line":138},"22":{"name":"(anonymous_22)","decl":{"start":{"line":141,"column":30},"end":{"line":141,"column":31}},"loc":{"start":{"line":141,"column":36},"end":{"line":141,"column":63}},"line":141}},"branchMap":{"0":{"loc":{"start":{"line":23,"column":4},"end":{"line":27,"column":5}},"type":"if","locations":[{"start":{"line":23,"column":4},"end":{"line":27,"column":5}},{"start":{},"end":{}}],"line":23},"1":{"loc":{"start":{"line":45,"column":35},"end":{"line":45,"column":71}},"type":"cond-expr","locations":[{"start":{"line":45,"column":52},"end":{"line":45,"column":56}},{"start":{"line":45,"column":59},"end":{"line":45,"column":71}}],"line":45},"2":{"loc":{"start":{"line":88,"column":22},"end":{"line":90,"column":42}},"type":"cond-expr","locations":[{"start":{"line":89,"column":6},"end":{"line":89,"column":11}},{"start":{"line":90,"column":6},"end":{"line":90,"column":42}}],"line":88},"3":{"loc":{"start":{"line":93,"column":39},"end":{"line":93,"column":65}},"type":"cond-expr","locations":[{"start":{"line":93,"column":54},"end":{"line":93,"column":60}},{"start":{"line":93,"column":63},"end":{"line":93,"column":65}}],"line":93},"4":{"loc":{"start":{"line":94,"column":39},"end":{"line":94,"column":65}},"type":"cond-expr","locations":[{"start":{"line":94,"column":54},"end":{"line":94,"column":56}},{"start":{"line":94,"column":59},"end":{"line":94,"column":65}}],"line":94},"5":{"loc":{"start":{"line":120,"column":7},"end":{"line":120,"column":27}},"type":"binary-expr","locations":[{"start":{"line":120,"column":7},"end":{"line":120,"column":12}},{"start":{"line":120,"column":16},"end":{"line":120,"column":27}}],"line":120},"6":{"loc":{"start":{"line":121,"column":7},"end":{"line":128,"column":12}},"type":"binary-expr","locations":[{"start":{"line":121,"column":7},"end":{"line":121,"column":11}},{"start":{"line":121,"column":15},"end":{"line":128,"column":12}}],"line":121},"7":{"loc":{"start":{"line":133,"column":16},"end":{"line":133,"column":45}},"type":"cond-expr","locations":[{"start":{"line":133,"column":26},"end":{"line":133,"column":37}},{"start":{"line":133,"column":40},"end":{"line":133,"column":45}}],"line":133}},"s":{"0":0,"1":0,"2":0,"3":0,"4":0,"5":0,"6":0,"7":0,"8":0,"9":0,"10":0,"11":0,"12":0,"13":0,"14":0,"15":0,"16":0,"17":0,"18":0,"19":0,"20":0,"21":0,"22":0,"23":0,"24":0,"25":0,"26":0,"27":0,"28":0,"29":0,"30":0,"31":0,"32":0,"33":0,"34":0,"35":0,"36":0,"37":0,"38":0,"39":0,"40":0,"41":0,"42":0,"43":0,"44":0,"45":0,"46":0,"47":0,"48":0,"49":0,"50":0,"51":0,"52":0,"53":0,"54":0,"55":0,"56":0,"57":0},"f":{"0":0,"1":0,"2":0,"3":0,"4":0,"5":0,"6":0,"7":0,"8":0,"9":0,"10":0,"11":0,"12":0,"13":0,"14":0,"15":0,"16":0,"17":0,"18":0,"19":0,"20":0,"21":0,"22":0},"b":{"0":[0,0],"1":[0,0],"2":[0,0],"3":[0,0],"4":[0,0],"5":[0,0],"6":[0,0],"7":[0,0]}}
,"C:\\Users\\Usuario01\\Desktop\\Experimentos\\exp4\\src\\main.jsx": {"path":"C:\\Users\\Usuario01\\Desktop\\Experimentos\\exp4\\src\\main.jsx","statementMap":{"0":{"start":{"line":5,"column":0},"end":{"line":5,"column":68}}},"fnMap":{},"branchMap":{},"s":{"0":0},"f":{},"b":{}}
,"C:\\Users\\Usuario01\\Desktop\\Experimentos\\exp4\\src\\components\\Footer.jsx": {"path":"C:\\Users\\Usuario01\\Desktop\\Experimentos\\exp4\\src\\components\\Footer.jsx","statementMap":{"0":{"start":{"line":1,"column":15},"end":{"line":13,"column":3}},"1":{"start":{"line":2,"column":24},"end":{"line":6,"column":5}},"2":{"start":{"line":8,"column":4},"end":{"line":12,"column":5}}},"fnMap":{"0":{"name":"(anonymous_0)","decl":{"start":{"line":1,"column":15},"end":{"line":1,"column":16}},"loc":{"start":{"line":1,"column":21},"end":{"line":13,"column":3}},"line":1}},"branchMap":{},"s":{"0":0,"1":0,"2":0},"f":{"0":0},"b":{}}
,"C:\\Users\\Usuario01\\Desktop\\Experimentos\\exp4\\src\\components\\LoginForm.jsx": {"path":"C:\\Users\\Usuario01\\Desktop\\Experimentos\\exp4\\src\\components\\LoginForm.jsx","statementMap":{"0":{"start":{"line":1,"column":18},"end":{"line":32,"column":2}},"1":{"start":{"line":8,"column":3},"end":{"line":31,"column":4}}},"fnMap":{"0":{"name":"(anonymous_0)","decl":{"start":{"line":1,"column":18},"end":{"line":1,"column":19}},"loc":{"start":{"line":7,"column":9},"end":{"line":32,"column":2}},"line":7}},"branchMap":{},"s":{"0":0,"1":0},"f":{"0":0},"b":{}}
,"C:\\Users\\Usuario01\\Desktop\\Experimentos\\exp4\\src\\components\\Note.jsx": {"path":"C:\\Users\\Usuario01\\Desktop\\Experimentos\\exp4\\src\\components\\Note.jsx","statementMap":{"0":{"start":{"line":2,"column":13},"end":{"line":12,"column":1}},"1":{"start":{"line":3,"column":16},"end":{"line":4,"column":45}},"2":{"start":{"line":6,"column":2},"end":{"line":11,"column":3}}},"fnMap":{"0":{"name":"(anonymous_0)","decl":{"start":{"line":2,"column":13},"end":{"line":2,"column":14}},"loc":{"start":{"line":2,"column":45},"end":{"line":12,"column":1}},"line":2}},"branchMap":{"0":{"loc":{"start":{"line":3,"column":16},"end":{"line":4,"column":45}},"type":"cond-expr","locations":[{"start":{"line":4,"column":6},"end":{"line":4,"column":26}},{"start":{"line":4,"column":29},"end":{"line":4,"column":45}}],"line":3}},"s":{"0":1,"1":1,"2":1},"f":{"0":1},"b":{"0":[1,0]},"_coverageSchema":"1a1c01bbd47fc00a2c39e90264f33305004495a9","hash":"53be65dddf3d4790cf5b2e04e5aa093c674b8994"}
,"C:\\Users\\Usuario01\\Desktop\\Experimentos\\exp4\\src\\components\\NoteForm.jsx": {"path":"C:\\Users\\Usuario01\\Desktop\\Experimentos\\exp4\\src\\components\\NoteForm.jsx","statementMap":{"0":{"start":{"line":3,"column":17},"end":{"line":38,"column":1}},"1":{"start":{"line":4,"column":32},"end":{"line":4,"column":44}},"2":{"start":{"line":6,"column":23},"end":{"line":8,"column":3}},"3":{"start":{"line":7,"column":4},"end":{"line":7,"column":34}},"4":{"start":{"line":10,"column":18},"end":{"line":18,"column":3}},"5":{"start":{"line":11,"column":4},"end":{"line":11,"column":26}},"6":{"start":{"line":12,"column":4},"end":{"line":15,"column":6}},"7":{"start":{"line":17,"column":4},"end":{"line":17,"column":18}},"8":{"start":{"line":20,"column":2},"end":{"line":37,"column":3}}},"fnMap":{"0":{"name":"(anonymous_0)","decl":{"start":{"line":3,"column":17},"end":{"line":3,"column":18}},"loc":{"start":{"line":3,"column":37},"end":{"line":38,"column":1}},"line":3},"1":{"name":"(anonymous_1)","decl":{"start":{"line":6,"column":23},"end":{"line":6,"column":24}},"loc":{"start":{"line":6,"column":34},"end":{"line":8,"column":3}},"line":6},"2":{"name":"(anonymous_2)","decl":{"start":{"line":10,"column":18},"end":{"line":10,"column":19}},"loc":{"start":{"line":10,"column":29},"end":{"line":18,"column":3}},"line":10}},"branchMap":{},"s":{"0":1,"1":19,"2":19,"3":17,"4":19,"5":1,"6":1,"7":1,"8":19},"f":{"0":19,"1":17,"2":1},"b":{},"_coverageSchema":"1a1c01bbd47fc00a2c39e90264f33305004495a9","hash":"e7d09b6f45878b3720179fc2e03b5044d99672ae"}
,"C:\\Users\\Usuario01\\Desktop\\Experimentos\\exp4\\src\\components\\Notification.jsx": {"path":"C:\\Users\\Usuario01\\Desktop\\Experimentos\\exp4\\src\\components\\Notification.jsx","statementMap":{"0":{"start":{"line":1,"column":21},"end":{"line":11,"column":3}},"1":{"start":{"line":2,"column":4},"end":{"line":4,"column":5}},"2":{"start":{"line":3,"column":6},"end":{"line":3,"column":17}},"3":{"start":{"line":6,"column":4},"end":{"line":10,"column":5}}},"fnMap":{"0":{"name":"(anonymous_0)","decl":{"start":{"line":1,"column":21},"end":{"line":1,"column":22}},"loc":{"start":{"line":1,"column":38},"end":{"line":11,"column":3}},"line":1}},"branchMap":{"0":{"loc":{"start":{"line":2,"column":4},"end":{"line":4,"column":5}},"type":"if","locations":[{"start":{"line":2,"column":4},"end":{"line":4,"column":5}},{"start":{},"end":{}}],"line":2}},"s":{"0":0,"1":0,"2":0,"3":0},"f":{"0":0},"b":{"0":[0,0]}}
,"C:\\Users\\Usuario01\\Desktop\\Experimentos\\exp4\\src\\components\\Togglable.jsx": {"path":"C:\\Users\\Usuario01\\Desktop\\Experimentos\\exp4\\src\\components\\Togglable.jsx","statementMap":{"0":{"start":{"line":3,"column":18},"end":{"line":30,"column":2}},"1":{"start":{"line":4,"column":32},"end":{"line":4,"column":47}},"2":{"start":{"line":6,"column":26},"end":{"line":6,"column":60}},"3":{"start":{"line":7,"column":26},"end":{"line":7,"column":60}},"4":{"start":{"line":9,"column":27},"end":{"line":11,"column":3}},"5":{"start":{"line":10,"column":4},"end":{"line":10,"column":25}},"6":{"start":{"line":13,"column":2},"end":{"line":17,"column":5}},"7":{"start":{"line":14,"column":4},"end":{"line":16,"column":6}},"8":{"start":{"line":19,"column":2},"end":{"line":29,"column":4}},"9":{"start":{"line":32,"column":0},"end":{"line":32,"column":36}}},"fnMap":{"0":{"name":"(anonymous_0)","decl":{"start":{"line":3,"column":29},"end":{"line":3,"column":30}},"loc":{"start":{"line":3,"column":45},"end":{"line":30,"column":1}},"line":3},"1":{"name":"(anonymous_1)","decl":{"start":{"line":9,"column":27},"end":{"line":9,"column":28}},"loc":{"start":{"line":9,"column":33},"end":{"line":11,"column":3}},"line":9},"2":{"name":"(anonymous_2)","decl":{"start":{"line":13,"column":27},"end":{"line":13,"column":28}},"loc":{"start":{"line":13,"column":33},"end":{"line":17,"column":3}},"line":13}},"branchMap":{"0":{"loc":{"start":{"line":6,"column":37},"end":{"line":6,"column":58}},"type":"cond-expr","locations":[{"start":{"line":6,"column":47},"end":{"line":6,"column":53}},{"start":{"line":6,"column":56},"end":{"line":6,"column":58}}],"line":6},"1":{"loc":{"start":{"line":7,"column":37},"end":{"line":7,"column":58}},"type":"cond-expr","locations":[{"start":{"line":7,"column":47},"end":{"line":7,"column":49}},{"start":{"line":7,"column":52},"end":{"line":7,"column":58}}],"line":7}},"s":{"0":1,"1":7,"2":7,"3":7,"4":7,"5":3,"6":7,"7":0,"8":7,"9":1},"f":{"0":7,"1":3,"2":0},"b":{"0":[2,5],"1":[2,5]},"_coverageSchema":"1a1c01bbd47fc00a2c39e90264f33305004495a9","hash":"556bb4a30a86046d2f598c9b2b1ecc5340fa695c"}
,"C:\\Users\\Usuario01\\Desktop\\Experimentos\\exp4\\src\\services\\login.js": {"path":"C:\\Users\\Usuario01\\Desktop\\Experimentos\\exp4\\src\\services\\login.js","statementMap":{"0":{"start":{"line":2,"column":16},"end":{"line":2,"column":28}},"1":{"start":{"line":4,"column":14},"end":{"line":7,"column":1}},"2":{"start":{"line":5,"column":19},"end":{"line":5,"column":57}},"3":{"start":{"line":6,"column":2},"end":{"line":6,"column":22}}},"fnMap":{"0":{"name":"(anonymous_0)","decl":{"start":{"line":4,"column":14},"end":{"line":4,"column":15}},"loc":{"start":{"line":4,"column":35},"end":{"line":7,"column":1}},"line":4}},"branchMap":{},"s":{"0":0,"1":0,"2":0,"3":0},"f":{"0":0},"b":{}}
,"C:\\Users\\Usuario01\\Desktop\\Experimentos\\exp4\\src\\services\\notes.js": {"path":"C:\\Users\\Usuario01\\Desktop\\Experimentos\\exp4\\src\\services\\notes.js","statementMap":{"0":{"start":{"line":2,"column":16},"end":{"line":2,"column":28}},"1":{"start":{"line":4,"column":12},"end":{"line":4,"column":16}},"2":{"start":{"line":6,"column":17},"end":{"line":8,"column":1}},"3":{"start":{"line":7,"column":2},"end":{"line":7,"column":30}},"4":{"start":{"line":10,"column":15},"end":{"line":13,"column":3}},"5":{"start":{"line":11,"column":20},"end":{"line":11,"column":38}},"6":{"start":{"line":12,"column":4},"end":{"line":12,"column":50}},"7":{"start":{"line":12,"column":36},"end":{"line":12,"column":49}},"8":{"start":{"line":15,"column":17},"end":{"line":22,"column":3}},"9":{"start":{"line":16,"column":19},"end":{"line":18,"column":5}},"10":{"start":{"line":20,"column":21},"end":{"line":20,"column":65}},"11":{"start":{"line":21,"column":4},"end":{"line":21,"column":24}},"12":{"start":{"line":24,"column":17},"end":{"line":27,"column":3}},"13":{"start":{"line":25,"column":20},"end":{"line":25,"column":60}},"14":{"start":{"line":26,"column":4},"end":{"line":26,"column":50}},"15":{"start":{"line":26,"column":36},"end":{"line":26,"column":49}}},"fnMap":{"0":{"name":"(anonymous_0)","decl":{"start":{"line":6,"column":17},"end":{"line":6,"column":18}},"loc":{"start":{"line":6,"column":29},"end":{"line":8,"column":1}},"line":6},"1":{"name":"(anonymous_1)","decl":{"start":{"line":10,"column":15},"end":{"line":10,"column":16}},"loc":{"start":{"line":10,"column":21},"end":{"line":13,"column":3}},"line":10},"2":{"name":"(anonymous_2)","decl":{"start":{"line":12,"column":24},"end":{"line":12,"column":25}},"loc":{"start":{"line":12,"column":36},"end":{"line":12,"column":49}},"line":12},"3":{"name":"(anonymous_3)","decl":{"start":{"line":15,"column":17},"end":{"line":15,"column":18}},"loc":{"start":{"line":15,"column":36},"end":{"line":22,"column":3}},"line":15},"4":{"name":"(anonymous_4)","decl":{"start":{"line":24,"column":17},"end":{"line":24,"column":18}},"loc":{"start":{"line":24,"column":36},"end":{"line":27,"column":3}},"line":24},"5":{"name":"(anonymous_5)","decl":{"start":{"line":26,"column":24},"end":{"line":26,"column":25}},"loc":{"start":{"line":26,"column":36},"end":{"line":26,"column":49}},"line":26}},"branchMap":{},"s":{"0":0,"1":0,"2":0,"3":0,"4":0,"5":0,"6":0,"7":0,"8":0,"9":0,"10":0,"11":0,"12":0,"13":0,"14":0,"15":0},"f":{"0":0,"1":0,"2":0,"3":0,"4":0,"5":0},"b":{}}
}
